Using pre-set license
Built from '2021.3/staging' branch; Version is '2021.3.19f1 (c9714fde33b6) revision 13201743'; Using compiler version '192829333'; Build Type 'Release'
OS: 'Windows 11  (10.0.22621) 64bit Professional' Language: 'vi' Physical Memory: 16236 MB
BatchMode: 1, IsHumanControllingUs: 0, StartBugReporterOnCrash: 0, Is64bit: 1, IsPro: 1

COMMAND LINE ARGUMENTS:
C:\Program Files\Unity\Hub\Editor\2021.3.19f1\Editor\Unity.exe
-adb2
-batchMode
-noUpm
-name
AssetImportWorker0
-projectPath
D:/Source Unity/WooriBank
-logFile
Logs/AssetImportWorker0.log
-srvPort
53314
Successfully changed project path to: D:/Source Unity/WooriBank
D:/Source Unity/WooriBank
[UnityMemory] Configuration Parameters - Can be set up in boot.config
    "memorysetup-bucket-allocator-granularity=16"
    "memorysetup-bucket-allocator-bucket-count=8"
    "memorysetup-bucket-allocator-block-size=33554432"
    "memorysetup-bucket-allocator-block-count=8"
    "memorysetup-main-allocator-block-size=16777216"
    "memorysetup-thread-allocator-block-size=16777216"
    "memorysetup-gfx-main-allocator-block-size=16777216"
    "memorysetup-gfx-thread-allocator-block-size=16777216"
    "memorysetup-cache-allocator-block-size=4194304"
    "memorysetup-typetree-allocator-block-size=2097152"
    "memorysetup-profiler-bucket-allocator-granularity=16"
    "memorysetup-profiler-bucket-allocator-bucket-count=8"
    "memorysetup-profiler-bucket-allocator-block-size=33554432"
    "memorysetup-profiler-bucket-allocator-block-count=8"
    "memorysetup-profiler-allocator-block-size=16777216"
    "memorysetup-profiler-editor-allocator-block-size=1048576"
    "memorysetup-temp-allocator-size-main=16777216"
    "memorysetup-job-temp-allocator-block-size=2097152"
    "memorysetup-job-temp-allocator-block-size-background=1048576"
    "memorysetup-job-temp-allocator-reduction-small-platforms=262144"
    "memorysetup-temp-allocator-size-background-worker=32768"
    "memorysetup-temp-allocator-size-job-worker=262144"
    "memorysetup-temp-allocator-size-preload-manager=33554432"
    "memorysetup-temp-allocator-size-nav-mesh-worker=65536"
    "memorysetup-temp-allocator-size-audio-worker=65536"
    "memorysetup-temp-allocator-size-cloud-worker=32768"
    "memorysetup-temp-allocator-size-gi-baking-worker=262144"
    "memorysetup-temp-allocator-size-gfx=262144"
Player connection [39252] Host "[IP] 192.168.3.221 [Port] 0 [Flags] 2 [Guid] 457357196 [EditorId] 457357196 [Version] 1048832 [Id] WindowsEditor(7,DESKTOP-IOTDPIS) [Debug] 1 [PackageName] WindowsEditor [ProjectName] Editor" joined multi-casting on [225.0.0.222:54997]...

Player connection [39252] Host "[IP] 192.168.3.221 [Port] 0 [Flags] 2 [Guid] 457357196 [EditorId] 457357196 [Version] 1048832 [Id] WindowsEditor(7,DESKTOP-IOTDPIS) [Debug] 1 [PackageName] WindowsEditor [ProjectName] Editor" joined alternative multi-casting on [225.0.0.222:34997]...

Refreshing native plugins compatible for Editor in 238.65 ms, found 4 plugins.
Preloading 0 native plugins for Editor in 0.00 ms.
Initialize engine version: 2021.3.19f1 (c9714fde33b6)
[Subsystems] Discovering subsystems at path C:/Program Files/Unity/Hub/Editor/2021.3.19f1/Editor/Data/Resources/UnitySubsystems
[Subsystems] Discovering subsystems at path D:/Source Unity/WooriBank/Assets
GfxDevice: creating device client; threaded=0; jobified=0
Direct3D:
    Version:  Direct3D 11.0 [level 11.1]
    Renderer: NVIDIA GeForce GTX 1650 (ID=0x1f91)
    Vendor:   NVIDIA
    VRAM:     3949 MB
    Driver:   31.0.15.2849
Initialize mono
Mono path[0] = 'C:/Program Files/Unity/Hub/Editor/2021.3.19f1/Editor/Data/Managed'
Mono path[1] = 'C:/Program Files/Unity/Hub/Editor/2021.3.19f1/Editor/Data/MonoBleedingEdge/lib/mono/unityjit-win32'
Mono config path = 'C:/Program Files/Unity/Hub/Editor/2021.3.19f1/Editor/Data/MonoBleedingEdge/etc'
Using monoOptions --debugger-agent=transport=dt_socket,embedding=1,server=y,suspend=n,address=127.0.0.1:56588
Begin MonoManager ReloadAssembly
Registering precompiled unity dll's ...
Register platform support module: C:/Program Files/Unity/Hub/Editor/2021.3.19f1/Editor/Data/PlaybackEngines/AndroidPlayer/UnityEditor.Android.Extensions.dll
Register platform support module: C:/Program Files/Unity/Hub/Editor/2021.3.19f1/Editor/Data/PlaybackEngines/WindowsStandaloneSupport/UnityEditor.WindowsStandalone.Extensions.dll
Registered in 0.011935 seconds.
Native extension for WindowsStandalone target not found
Native extension for Android target not found
Android Extension - Scanning For ADB Devices 650 ms
Refreshing native plugins compatible for Editor in 234.34 ms, found 4 plugins.
Preloading 0 native plugins for Editor in 0.00 ms.
Mono: successfully reloaded assembly
- Completed reload, in  2.655 seconds
Domain Reload Profiling:
	ReloadAssembly (2656ms)
		BeginReloadAssembly (261ms)
			ExecutionOrderSort (0ms)
			DisableScriptedObjects (0ms)
			BackupInstance (0ms)
			ReleaseScriptingObjects (0ms)
			CreateAndSetChildDomain (2ms)
		EndReloadAssembly (1809ms)
			LoadAssemblies (260ms)
			RebuildTransferFunctionScriptingTraits (0ms)
			SetupTypeCache (253ms)
			ReleaseScriptCaches (0ms)
			RebuildScriptCaches (73ms)
			SetupLoadedEditorAssemblies (1344ms)
				LogAssemblyErrors (0ms)
				InitializePlatformSupportModulesInManaged (798ms)
				SetLoadedEditorAssemblies (0ms)
				RefreshPlugins (234ms)
				BeforeProcessingInitializeOnLoad (9ms)
				ProcessInitializeOnLoadAttributes (181ms)
				ProcessInitializeOnLoadMethodAttributes (120ms)
				AfterProcessingInitializeOnLoad (0ms)
				EditorAssembliesLoaded (0ms)
			ExecutionOrderSort2 (0ms)
			AwakeInstancesAfterBackupRestoration (0ms)
Platform modules already initialized, skipping
Registering precompiled user dll's ...
Registered in 0.015267 seconds.
Begin MonoManager ReloadAssembly
Symbol file LoadedFromMemory doesn't match image D:\Source Unity\WooriBank\Library\PackageCache\com.unity.visualscripting@1.8.0\Editor\VisualScripting.Core\Dependencies\YamlDotNet\Unity.VisualScripting.YamlDotNet.dll
Symbol file LoadedFromMemory doesn't match image D:\Source Unity\WooriBank\Library\PackageCache\com.unity.visualscripting@1.8.0\Editor\VisualScripting.Core\Dependencies\DotNetZip\Unity.VisualScripting.IonicZip.dll
Native extension for WindowsStandalone target not found
Native extension for Android target not found
Refreshing native plugins compatible for Editor in 187.43 ms, found 4 plugins.
Preloading 0 native plugins for Editor in 0.00 ms.
Mono: successfully reloaded assembly
- Completed reload, in  2.639 seconds
Domain Reload Profiling:
	ReloadAssembly (2641ms)
		BeginReloadAssembly (374ms)
			ExecutionOrderSort (0ms)
			DisableScriptedObjects (14ms)
			BackupInstance (0ms)
			ReleaseScriptingObjects (0ms)
			CreateAndSetChildDomain (52ms)
		EndReloadAssembly (1990ms)
			LoadAssemblies (314ms)
			RebuildTransferFunctionScriptingTraits (0ms)
			SetupTypeCache (648ms)
			ReleaseScriptCaches (1ms)
			RebuildScriptCaches (134ms)
			SetupLoadedEditorAssemblies (925ms)
				LogAssemblyErrors (0ms)
				InitializePlatformSupportModulesInManaged (31ms)
				SetLoadedEditorAssemblies (0ms)
				RefreshPlugins (188ms)
				BeforeProcessingInitializeOnLoad (166ms)
				ProcessInitializeOnLoadAttributes (452ms)
				ProcessInitializeOnLoadMethodAttributes (77ms)
				AfterProcessingInitializeOnLoad (12ms)
				EditorAssembliesLoaded (0ms)
			ExecutionOrderSort2 (0ms)
			AwakeInstancesAfterBackupRestoration (15ms)
Platform modules already initialized, skipping
========================================================================
Worker process is ready to serve import requests
Launched and connected shader compiler UnityShaderCompiler.exe after 0.10 seconds
Refreshing native plugins compatible for Editor in 5.30 ms, found 4 plugins.
Preloading 0 native plugins for Editor in 0.00 ms.
Unloading 4125 Unused Serialized files (Serialized files now loaded: 0)
Unloading 63 unused Assets / (1.4 MB). Loaded Objects now: 4617.
Memory consumption went from 189.3 MB to 187.9 MB.
Total: 9.291100 ms (FindLiveObjects: 0.543900 ms CreateObjectMapping: 0.346700 ms MarkObjects: 7.815900 ms  DeleteObjects: 0.582700 ms)

AssetImportParameters requested are different than current active one (requested -> active):
  custom:video-decoder-ogg-theora: a1e56fd34408186e4bbccfd4996cb3dc -> 
  custom:container-muxer-webm: aa71ff27fc2769a1b78a27578f13a17b -> 
  custom:container-demuxer-webm: 4f35f7cbe854078d1ac9338744f61a02 -> 
  custom:video-encoder-webm-vp8: eb34c28f22e8b96e1ab97ce403110664 -> 
  custom:audio-encoder-webm-vorbis: bf7c407c2cedff20999df2af8eb42d56 -> 
  custom:framework-win-MediaFoundation: 216162199b28c13a410421893ffa2e32 -> 
  custom:container-demuxer-ogg: 62fdf1f143b41e24485cea50d1cbac27 -> 
  custom:video-decoder-webm-vp8: 9c59270c3fd7afecdb556c50c9e8de78 -> 
  custom:audio-decoder-ogg-vorbis: bf7c407c2cedff20999df2af8eb42d56 -> 
========================================================================
Received Import Request.
  Time since last request: 1270921.115993 seconds.
  path: Assets/TextMesh Pro/Resources/Fonts & Materials/LiberationSans SDF - Fallback.asset
  artifactKey: Guid(2e498d1c8094910479dc3e1b768306a4) Importer(815301076,1909f56bfc062723c751e8b465ee728b)
Start importing Assets/TextMesh Pro/Resources/Fonts & Materials/LiberationSans SDF - Fallback.asset using Guid(2e498d1c8094910479dc3e1b768306a4) Importer(815301076,1909f56bfc062723c751e8b465ee728b)  -> (artifact id: '81c850fadaa6b2c99a8688ae4771d504') in 0.238848 seconds 
========================================================================
Received Import Request.
  Time since last request: 0.138262 seconds.
  path: Assets/Loading screen package/Animations/Loading screen 4/[LS4] AnimatorController.controller
  artifactKey: Guid(0054cfd310350c7468c8d8a74b5482fd) Importer(815301076,1909f56bfc062723c751e8b465ee728b)
Start importing Assets/Loading screen package/Animations/Loading screen 4/[LS4] AnimatorController.controller using Guid(0054cfd310350c7468c8d8a74b5482fd) Importer(815301076,1909f56bfc062723c751e8b465ee728b)  -> (artifact id: 'bf988d73689c8f82d0a7004962a0f315') in 0.016465 seconds 
========================================================================
Received Import Request.
  Time since last request: 2.484202 seconds.
  path: Assets/Loading screen package/Scripts/Loading screen types/DemoSceneManager.cs
  artifactKey: Guid(e7444d35137b2ff45a1591ea7fade80a) Importer(815301076,1909f56bfc062723c751e8b465ee728b)
Start importing Assets/Loading screen package/Scripts/Loading screen types/DemoSceneManager.cs using Guid(e7444d35137b2ff45a1591ea7fade80a) Importer(815301076,1909f56bfc062723c751e8b465ee728b)  -> (artifact id: 'aa280f99c0ad4e5a73cc440bc5004a95') in 0.019993 seconds 
========================================================================
Received Import Request.
  Time since last request: 0.005424 seconds.
  path: Assets/Script/Manager.cs
  artifactKey: Guid(504ac81083777f3468397bcaa619d865) Importer(815301076,1909f56bfc062723c751e8b465ee728b)
Start importing Assets/Script/Manager.cs using Guid(504ac81083777f3468397bcaa619d865) Importer(815301076,1909f56bfc062723c751e8b465ee728b)  -> (artifact id: '391b152ca4a3fd1afd5a8cb38baf9481') in 0.008472 seconds 
========================================================================
Received Import Request.
  Time since last request: 0.271780 seconds.
  path: Assets/Scripts/Controllers/GameBilliantController.cs
  artifactKey: Guid(9d6d144e7e9872549b60e788490d8865) Importer(815301076,1909f56bfc062723c751e8b465ee728b)
Start importing Assets/Scripts/Controllers/GameBilliantController.cs using Guid(9d6d144e7e9872549b60e788490d8865) Importer(815301076,1909f56bfc062723c751e8b465ee728b)  -> (artifact id: '76dd023250cd0fb8ebdacdb7475bd2d7') in 0.007745 seconds 
========================================================================
Received Import Request.
  Time since last request: 0.262130 seconds.
  path: Assets/Scripts/Prefabs/GameListItem.cs
  artifactKey: Guid(79a96b5cc5b25416cb7d64df1f9e0626) Importer(815301076,1909f56bfc062723c751e8b465ee728b)
Start importing Assets/Scripts/Prefabs/GameListItem.cs using Guid(79a96b5cc5b25416cb7d64df1f9e0626) Importer(815301076,1909f56bfc062723c751e8b465ee728b)  -> (artifact id: '4936303edae2c701ae7a089b0d5b1c28') in 0.008321 seconds 
========================================================================
Received Import Request.
  Time since last request: 0.446060 seconds.
  path: Assets/Script/ToggleList.cs
  artifactKey: Guid(3168e4ad76b290b409451c06ca6f47d5) Importer(815301076,1909f56bfc062723c751e8b465ee728b)
Start importing Assets/Script/ToggleList.cs using Guid(3168e4ad76b290b409451c06ca6f47d5) Importer(815301076,1909f56bfc062723c751e8b465ee728b)  -> (artifact id: 'fa12d47726ecec8118649d2273098363') in 0.007257 seconds 
========================================================================
Received Import Request.
  Time since last request: 0.085164 seconds.
  path: Assets/Scenes/GamePlay.unity
  artifactKey: Guid(387afc02ec44da044b1de5704590e67c) Importer(815301076,1909f56bfc062723c751e8b465ee728b)
Start importing Assets/Scenes/GamePlay.unity using Guid(387afc02ec44da044b1de5704590e67c) Importer(815301076,1909f56bfc062723c751e8b465ee728b)  -> (artifact id: 'e5efee9878cbe76a9765a71124aab76b') in 0.007433 seconds 
========================================================================
Received Import Request.
  Time since last request: 0.381089 seconds.
  path: Assets/Scenes/MainMenu.unity
  artifactKey: Guid(88975fa60b12ebd4b8eda0a63cd38545) Importer(815301076,1909f56bfc062723c751e8b465ee728b)
Start importing Assets/Scenes/MainMenu.unity using Guid(88975fa60b12ebd4b8eda0a63cd38545) Importer(815301076,1909f56bfc062723c751e8b465ee728b)  -> (artifact id: '1e1ced567c650bf1b91ca116ae4f212a') in 0.006059 seconds 
========================================================================
Received Import Request.
  Time since last request: 0.824259 seconds.
  path: Assets/Loading screen package/Animations/Loading screen 6/[LS6] AnimatorController.controller
  artifactKey: Guid(14d5e795afb1e21449bbce91938e1641) Importer(815301076,1909f56bfc062723c751e8b465ee728b)
Start importing Assets/Loading screen package/Animations/Loading screen 6/[LS6] AnimatorController.controller using Guid(14d5e795afb1e21449bbce91938e1641) Importer(815301076,1909f56bfc062723c751e8b465ee728b)  -> (artifact id: 'b37fed972f9fc123a76cb9d168bf3e3d') in 0.011502 seconds 
========================================================================
Received Import Request.
  Time since last request: 0.900661 seconds.
  path: Assets/Loading screen package/Prefabs/Loading screen 6.prefab
  artifactKey: Guid(d745ef95fdb5e8246b38c5d5a6ac76fa) Importer(815301076,1909f56bfc062723c751e8b465ee728b)
Start importing Assets/Loading screen package/Prefabs/Loading screen 6.prefab using Guid(d745ef95fdb5e8246b38c5d5a6ac76fa) Importer(815301076,1909f56bfc062723c751e8b465ee728b)  -> (artifact id: '883eb64f4d9b5b0f5b1a9d6d16f4383f') in 0.030052 seconds 
========================================================================
Received Import Request.
  Time since last request: 0.378847 seconds.
  path: Assets/Scripts/Managers/BilliantGameManager.cs
  artifactKey: Guid(9564fca34cd173e4ab0b975c5559738b) Importer(815301076,1909f56bfc062723c751e8b465ee728b)
Start importing Assets/Scripts/Managers/BilliantGameManager.cs using Guid(9564fca34cd173e4ab0b975c5559738b) Importer(815301076,1909f56bfc062723c751e8b465ee728b)  -> (artifact id: '7433b304aee2cf5aee2e1e3a669973cc') in 0.008374 seconds 
========================================================================
Received Import Request.
  Time since last request: 0.021758 seconds.
  path: Assets/Script/ActiveButton.cs
  artifactKey: Guid(65be30442816bc540a4ea3eac3176f10) Importer(815301076,1909f56bfc062723c751e8b465ee728b)
Start importing Assets/Script/ActiveButton.cs using Guid(65be30442816bc540a4ea3eac3176f10) Importer(815301076,1909f56bfc062723c751e8b465ee728b)  -> (artifact id: '04d128885bb9c4b213b0e128bfad8182') in 0.007691 seconds 
========================================================================
Received Import Request.
  Time since last request: 0.032939 seconds.
  path: Assets/Scenes/Lobby.unity
  artifactKey: Guid(72ed41e0c238645c0a6dff9b02a30049) Importer(815301076,1909f56bfc062723c751e8b465ee728b)
Start importing Assets/Scenes/Lobby.unity using Guid(72ed41e0c238645c0a6dff9b02a30049) Importer(815301076,1909f56bfc062723c751e8b465ee728b)  -> (artifact id: '4cf74817bf3571e9db9d804a64dcbc06') in 0.008990 seconds 
========================================================================
Received Import Request.
  Time since last request: 0.340408 seconds.
  path: Assets/Scripts/Controllers/LobbySceneController.cs
  artifactKey: Guid(fbbbcf77f0bf546fb8b3c8dddee6749b) Importer(815301076,1909f56bfc062723c751e8b465ee728b)
Start importing Assets/Scripts/Controllers/LobbySceneController.cs using Guid(fbbbcf77f0bf546fb8b3c8dddee6749b) Importer(815301076,1909f56bfc062723c751e8b465ee728b)  -> (artifact id: '58f8b352a559dc0c4db3a76a240c38a2') in 0.011303 seconds 
